<?xml version="1.0" encoding="UTF-8"?>
<!-- Generated by org.testng.reporters.JUnitReportReporter -->
<testsuite hostname="Rehansgamingdevice" failures="0" tests="1" name="day3.validateResponsedata" time="63.373" errors="0" timestamp="2025-03-05T14:14:07 IST" skipped="0">
  <testcase classname="day3.validateResponsedata" name="testJsonResponse" time="63.373"/>
</testsuite> <!-- day3.validateResponsedata -->
