<?xml version="1.0" encoding="UTF-8"?>
<!-- Generated by org.testng.reporters.JUnitReportReporter -->
<testsuite hostname="Rehansgamingdevice" failures="0" tests="1" name="day3.validateResponsedata" time="1.723" errors="0" timestamp="2025-03-05T12:00:38 IST" skipped="0">
  <testcase classname="day3.validateResponsedata" name="testJsonResponse" time="1.723"/>
</testsuite> <!-- day3.validateResponsedata -->
