<?xml version="1.0" encoding="UTF-8"?>
<!-- Generated by org.testng.reporters.JUnitReportReporter -->
<testsuite hostname="Rehansgamingdevice" failures="0" tests="1" name="day2.diffPostReqMethods" time="1.508" errors="0" timestamp="2025-03-04T16:08:33 IST" skipped="0">
  <testcase classname="day2.diffPostReqMethods" name="usingExternaljsonfile" time="1.508"/>
</testsuite> <!-- day2.diffPostReqMethods -->
