<?xml version="1.0" encoding="UTF-8"?>
<!-- Generated by org.testng.reporters.JUnitReportReporter -->
<testsuite hostname="Rehansgamingdevice" failures="0" tests="4" name="day1.HttpReq" time="3.045" errors="0" timestamp="2025-03-04T13:46:09 IST" skipped="0">
  <testcase classname="day1.HttpReq" name="getUser" time="1.346"/>
  <testcase classname="day1.HttpReq" name="createUser" time="0.992"/>
  <testcase classname="day1.HttpReq" name="updateUser" time="0.353"/>
  <testcase classname="day1.HttpReq" name="deleteUser" time="0.354"/>
</testsuite> <!-- day1.HttpReq -->
