<?xml version="1.0" encoding="UTF-8"?>
<!-- Generated by org.testng.reporters.JUnitReportReporter -->
<testsuite hostname="Rehansgamingdevice" failures="0" tests="2" name="day2.diffPostReqMethods" time="1.548" errors="0" timestamp="2025-03-04T14:39:54 IST" skipped="0">
  <testcase classname="day2.diffPostReqMethods" name="usingHashMap" time="1.522"/>
  <testcase classname="day2.diffPostReqMethods" name="deleteEmp" time="0.026"/>
</testsuite> <!-- day2.diffPostReqMethods -->
