<?xml version="1.0" encoding="UTF-8"?>
<!-- Generated by org.testng.reporters.JUnitReportReporter -->
<testsuite hostname="Rehansgamingdevice" failures="0" tests="1" name="day2.handleCookieHeader" time="2.467" errors="0" timestamp="2025-03-05T11:30:28 IST" skipped="0">
  <testcase classname="day2.handleCookieHeader" name="headerInfo" time="2.467"/>
</testsuite> <!-- day2.handleCookieHeader -->
